\BOOKMARK [1][-]{section.1}{Background}{}% 1
\BOOKMARK [1][-]{section.2}{Preparation}{}% 2
\BOOKMARK [2][-]{subsection.2.1}{Backup Data}{section.2}% 3
\BOOKMARK [2][-]{subsection.2.2}{Burn Boot Disc}{section.2}% 4
\BOOKMARK [2][-]{subsection.2.3}{Ensure NAS-1 Remains Operational}{section.2}% 5
\BOOKMARK [1][-]{section.3}{Installation}{}% 6
\BOOKMARK [2][-]{subsection.3.1}{Loading the Installer on the CE}{section.3}% 7
\BOOKMARK [2][-]{subsection.3.2}{Public Network Configuration}{section.3}% 8
\BOOKMARK [2][-]{subsection.3.3}{Private Network Configuration}{section.3}% 9
\BOOKMARK [2][-]{subsection.3.4}{Rolls}{section.3}% 10
\BOOKMARK [2][-]{subsection.3.5}{Cluster Configuration}{section.3}% 11
\BOOKMARK [2][-]{subsection.3.6}{Partitioning}{section.3}% 12
\BOOKMARK [2][-]{subsection.3.7}{Commit}{section.3}% 13
\BOOKMARK [1][-]{section.4}{Unification}{}% 14
\BOOKMARK [2][-]{subsection.4.1}{Nodes}{section.4}% 15
\BOOKMARK [3][-]{subsubsection.4.1.1}{Installing Rocks onto a Compute Node}{subsection.4.1}% 16
\BOOKMARK [3][-]{subsubsection.4.1.2}{Incorporate NAS-0}{subsection.4.1}% 17
\BOOKMARK [3][-]{subsubsection.4.1.3}{Incorporate SE}{subsection.4.1}% 18
\BOOKMARK [3][-]{subsubsection.4.1.4}{Configuring the Nodes}{subsection.4.1}% 19
\BOOKMARK [1][-]{section.5}{Configuration}{}% 20
\BOOKMARK [2][-]{subsection.5.1}{Enable SSH}{section.5}% 21
\BOOKMARK [2][-]{subsection.5.2}{Automatic Mounting of Key Components}{section.5}% 22
\BOOKMARK [2][-]{subsection.5.3}{HTCondor}{section.5}% 23
\BOOKMARK [2][-]{subsection.5.4}{Setup SE}{section.5}% 24
\BOOKMARK [1][-]{section.6}{Troubleshooting Log}{}% 25
\BOOKMARK [2][-]{subsection.6.1}{Boot Loader Install Failed}{section.6}% 26
\BOOKMARK [2][-]{subsection.6.2}{Remote Rocks Servers Inaccessible}{section.6}% 27
\BOOKMARK [2][-]{subsection.6.3}{Nodes not found in insert-ethers}{section.6}% 28
\BOOKMARK [2][-]{subsection.6.4}{NAS-0 RAID Issues}{section.6}% 29
