This is pdfTeX, Version 3.14159265-2.6-1.40.19 (TeX Live 2019/dev/Debian) (preloaded format=pdflatex 2018.11.18)  4 FEB 2019 19:48
entering extended mode
 restricted \write18 enabled.
 %&-line parsing enabled.
**mysql.tex
(./mysql.tex
LaTeX2e <2018-04-01> patch level 4
Babel <3.20> and hyphenation patterns for 3 language(s) loaded.
(/usr/share/texlive/texmf-dist/tex/latex/base/article.cls
Document Class: article 2014/09/29 v1.4h Standard LaTeX document class
(/usr/share/texlive/texmf-dist/tex/latex/base/size12.clo
File: size12.clo 2014/09/29 v1.4h Standard LaTeX file (size option)
)
\c@part=\count80
\c@section=\count81
\c@subsection=\count82
\c@subsubsection=\count83
\c@paragraph=\count84
\c@subparagraph=\count85
\c@figure=\count86
\c@table=\count87
\abovecaptionskip=\skip41
\belowcaptionskip=\skip42
\bibindent=\dimen102
) (./mysql.aux)
\openout1 = `mysql.aux'.

LaTeX Font Info:    Checking defaults for OML/cmm/m/it on input line 3.
LaTeX Font Info:    ... okay on input line 3.
LaTeX Font Info:    Checking defaults for T1/cmr/m/n on input line 3.
LaTeX Font Info:    ... okay on input line 3.
LaTeX Font Info:    Checking defaults for OT1/cmr/m/n on input line 3.
LaTeX Font Info:    ... okay on input line 3.
LaTeX Font Info:    Checking defaults for OMS/cmsy/m/n on input line 3.
LaTeX Font Info:    ... okay on input line 3.
LaTeX Font Info:    Checking defaults for OMX/cmex/m/n on input line 3.
LaTeX Font Info:    ... okay on input line 3.
LaTeX Font Info:    Checking defaults for U/cmr/m/n on input line 3.
LaTeX Font Info:    ... okay on input line 3.
LaTeX Font Info:    External font `cmex10' loaded for size
(Font)              <14.4> on input line 10.
LaTeX Font Info:    External font `cmex10' loaded for size
(Font)              <7> on input line 10.

[1

{/var/lib/texmf/fonts/map/pdftex/updmap/pdftex.map}]
Overfull \hbox (3.0364pt too wide) in paragraph at lines 44--45
[]\OT1/cmr/m/n/12 Stop MySQL us-ing \OT1/cmtt/m/n/12 /opt/rocks/mysql/support-f
iles/mysql.server
 []

[2]
Overfull \hbox (55.5162pt too wide) in paragraph at lines 45--46
[]\OT1/cmr/m/n/12 Create a copy of the cur-rent data di-rec-tory (in this case 
it is /var/opt/rocks/mysql)
 []


Overfull \hbox (12.81029pt too wide) in paragraph at lines 55--56
\OT1/cmtt/m/n/12 (database); show tables; select * from (tablename)\OT1/cmr/m/n
/12 '' You should
 []

[3]
Overfull \hbox (11.3752pt too wide) in paragraph at lines 64--65
 [] \OT1/cmtt/m/n/12 Error 2002: Can't connect to local MySQL server through so
cket
 []


Overfull \hbox (36.07521pt too wide) in paragraph at lines 71--72
 [] \OT1/cmtt/m/n/12 /opt/rocks/mysql/bin/mysqld: Can't change dir to '/var/lib
/mysql/'
 []


Overfull \hbox (16.97429pt too wide) in paragraph at lines 72--73
 [] \OT1/cmr/m/n/12 The so-lu-tion to this er-ror is to change the path to the 
.sock file in \OT1/cmtt/m/n/12 /etc/my.cnf\OT1/cmr/m/n/12 . 
 []

[4]
Overfull \hbox (23.7252pt too wide) in paragraph at lines 78--81
 [] \OT1/cmtt/m/n/12 [Warning] InnoDB: Cannot open table wikidatabase/archive f
rom the
 []


Overfull \hbox (5.2002pt too wide) in paragraph at lines 78--81
\OT1/cmtt/m/n/12 internal data dictionary of InnoDB though the .frm file f or t
he
 []


Overfull \hbox (11.3752pt too wide) in paragraph at lines 78--81
\OT1/cmtt/m/n/12 table exists. See http://dev.mysql.com/doc/refman/5.6/en/innod
b-
 []


Overfull \hbox (9.52304pt too wide) in paragraph at lines 86--88
[]\OT1/cmr/m/n/12 Run \OT1/cmtt/m/n/12 opt/rocks/mysql/bin/mysqld[]safe --skip-
grant-tables \OT1/cmr/m/n/12 in one
 []

[5]
Overfull \hbox (3.69987pt too wide) in paragraph at lines 92--93
 [] \OT1/cmtt/m/n/12 UPDATE mysql.user SET Password=PASSWORD('password') WHERE
 []


Overfull \hbox (1.66559pt too wide) in paragraph at lines 96--97
[]\OT1/cmr/m/n/12 Start MySQL with \OT1/cmtt/m/n/12 /opt/rocks/mysql/support-fi
les/mysql.server
 []


Overfull \hbox (21.9962pt too wide) in paragraph at lines 103--106
 [] \OT1/cmtt/m/n/12 190112 20:40:46 mysqld[]safe Starting mysqld daemon with d
atabases
 []


Overfull \hbox (9.6462pt too wide) in paragraph at lines 103--106
\OT1/cmtt/m/n/12 from /var/opt/rocks/mysql 190112 20:40:46 mysqld[]safe mysqld 
from
 []


Overfull \hbox (5.2002pt too wide) in paragraph at lines 107--109
 [] \OT1/cmtt/m/n/12 2019-01-12 20:55:30 23092 [ERROR] /opt/rocks/mysql/bin/mys
qld:
 []


Overfull \hbox (23.7252pt too wide) in paragraph at lines 107--109
\OT1/cmtt/m/n/12 Can't create/write to file '/var/run/mariadb/mariadb.pid' (Err
code:
 []


Overfull \hbox (11.3752pt too wide) in paragraph at lines 107--109
\OT1/cmtt/m/n/12 2 - No such file or directory)  2019-01-12 20:55:30 23092 [ERR
OR]
 []


Overfull \hbox (42.25021pt too wide) in paragraph at lines 107--109
\OT1/cmtt/m/n/12 Can't start server: can't create PID file: No such file or dir
ectory 
 []

[6] [7] (./mysql.aux) ) 
Here is how much of TeX's memory you used:
 219 strings out of 494589
 2385 string characters out of 6177860
 58036 words of memory out of 5000000
 3934 multiletter control sequences out of 15000+600000
 6539 words of font info for 24 fonts, out of 8000000 for 9000
 14 hyphenation exceptions out of 8191
 22i,6n,19p,394b,188s stack positions out of 5000i,500n,10000p,200000b,80000s
</usr/share/texlive/texmf-dist/fonts/type1/public/amsfon
ts/cm/cmbx12.pfb></usr/share/texlive/texmf-dist/fonts/type1/public/amsfonts/cm/
cmr12.pfb></usr/share/texlive/texmf-dist/fonts/type1/public/amsfonts/cm/cmr17.p
fb></usr/share/texlive/texmf-dist/fonts/type1/public/amsfonts/cm/cmtt12.pfb>
Output written on mysql.pdf (7 pages, 69383 bytes).
PDF statistics:
 44 PDF objects out of 1000 (max. 8388607)
 30 compressed objects within 1 object stream
 0 named destinations out of 1000 (max. 500000)
 1 words of extra memory for PDF output out of 10000 (max. 10000000)

